[22:31:36] 127.0.0.1
[22:31:36] aa9BBqDVkhcP6e9a
[22:31:36] 3
[22:31:36] ./
[22:31:36] Utilisateur n'ayant pas les droits pour utiliser l'API
[22:32:26] 127.0.0.1
[22:32:26] vf4qFvKjfpoxcpZ4
[22:32:26] 3
[22:32:26] ./
[22:32:26] ./apirator-04_04_2024_22_32_26.json
[22:32:26] Enregistrement réussi de la requete
[22:32:49] 127.0.0.1
[22:32:49] vf4qFvKjfpoxcpZ4
[22:32:49] 3
[22:32:49] ./
[22:32:49] ./apirator-04_04_2024_22_32_49.json
[22:32:49] Enregistrement réussi de la requete
[22:33:31] 127.0.0.1
[22:33:31] vf4qFvKjfpoxcpZ4
[22:33:31] 3
[22:33:31] ./
[22:33:31] ./apirator-04_04_2024_22_33_31.json
[22:33:31] Enregistrement réussi de la requete
[22:34:15] 127.0.0.1
[22:34:15] vf4qFvKjfpoxcpZ4
[22:34:15] 2
[22:34:15] ./
[22:34:15] ./apirator-04_04_2024_22_34_15.json
[22:34:15] Enregistrement réussi de la requete
